{"total": {"lines":{"total":2142,"covered":1543,"skipped":0,"pct":72.03},"statements":{"total":2142,"covered":1543,"skipped":0,"pct":72.03},"functions":{"total":134,"covered":80,"skipped":0,"pct":59.7},"branches":{"total":354,"covered":198,"skipped":0,"pct":55.93},"branchesTrue":{"total":0,"covered":0,"skipped":0,"pct":100}}
,"/home/runner/work/merajutasa.id/merajutasa.id/public/equity-ui-v2/playwright.config.ts": {"lines":{"total":20,"covered":0,"skipped":0,"pct":0},"functions":{"total":1,"covered":0,"skipped":0,"pct":0},"statements":{"total":20,"covered":0,"skipped":0,"pct":0},"branches":{"total":1,"covered":0,"skipped":0,"pct":0}}
,"/home/runner/work/merajutasa.id/merajutasa.id/public/equity-ui-v2/postcss.config.js": {"lines":{"total":6,"covered":0,"skipped":0,"pct":0},"functions":{"total":1,"covered":0,"skipped":0,"pct":0},"statements":{"total":6,"covered":0,"skipped":0,"pct":0},"branches":{"total":1,"covered":0,"skipped":0,"pct":0}}
,"/home/runner/work/merajutasa.id/merajutasa.id/public/equity-ui-v2/tailwind.config.js": {"lines":{"total":21,"covered":0,"skipped":0,"pct":0},"functions":{"total":1,"covered":0,"skipped":0,"pct":0},"statements":{"total":21,"covered":0,"skipped":0,"pct":0},"branches":{"total":1,"covered":0,"skipped":0,"pct":0}}
,"/home/runner/work/merajutasa.id/merajutasa.id/public/equity-ui-v2/src/App.jsx": {"lines":{"total":80,"covered":77,"skipped":0,"pct":96.25},"functions":{"total":3,"covered":3,"skipped":0,"pct":100},"statements":{"total":80,"covered":77,"skipped":0,"pct":96.25},"branches":{"total":19,"covered":15,"skipped":0,"pct":78.94}}
,"/home/runner/work/merajutasa.id/merajutasa.id/public/equity-ui-v2/src/main.jsx": {"lines":{"total":9,"covered":0,"skipped":0,"pct":0},"functions":{"total":1,"covered":0,"skipped":0,"pct":0},"statements":{"total":9,"covered":0,"skipped":0,"pct":0},"branches":{"total":1,"covered":0,"skipped":0,"pct":0}}
,"/home/runner/work/merajutasa.id/merajutasa.id/public/equity-ui-v2/src/components/Card.jsx": {"lines":{"total":38,"covered":35,"skipped":0,"pct":92.1},"functions":{"total":2,"covered":2,"skipped":0,"pct":100},"statements":{"total":38,"covered":35,"skipped":0,"pct":92.1},"branches":{"total":7,"covered":4,"skipped":0,"pct":57.14}}
,"/home/runner/work/merajutasa.id/merajutasa.id/public/equity-ui-v2/src/components/Charts.jsx": {"lines":{"total":123,"covered":56,"skipped":0,"pct":45.52},"functions":{"total":2,"covered":1,"skipped":0,"pct":50},"statements":{"total":123,"covered":56,"skipped":0,"pct":45.52},"branches":{"total":5,"covered":1,"skipped":0,"pct":20}}
,"/home/runner/work/merajutasa.id/merajutasa.id/public/equity-ui-v2/src/components/Dashboard.jsx": {"lines":{"total":235,"covered":170,"skipped":0,"pct":72.34},"functions":{"total":2,"covered":1,"skipped":0,"pct":50},"statements":{"total":235,"covered":170,"skipped":0,"pct":72.34},"branches":{"total":29,"covered":15,"skipped":0,"pct":51.72}}
,"/home/runner/work/merajutasa.id/merajutasa.id/public/equity-ui-v2/src/components/Disclaimers.jsx": {"lines":{"total":66,"covered":53,"skipped":0,"pct":80.3},"functions":{"total":2,"covered":2,"skipped":0,"pct":100},"statements":{"total":66,"covered":53,"skipped":0,"pct":80.3},"branches":{"total":18,"covered":6,"skipped":0,"pct":33.33}}
,"/home/runner/work/merajutasa.id/merajutasa.id/public/equity-ui-v2/src/components/ErrorBoundary.jsx": {"lines":{"total":26,"covered":14,"skipped":0,"pct":53.84},"functions":{"total":4,"covered":2,"skipped":0,"pct":50},"statements":{"total":26,"covered":14,"skipped":0,"pct":53.84},"branches":{"total":3,"covered":2,"skipped":0,"pct":66.66}}
,"/home/runner/work/merajutasa.id/merajutasa.id/public/equity-ui-v2/src/components/Header.jsx": {"lines":{"total":155,"covered":89,"skipped":0,"pct":57.41},"functions":{"total":3,"covered":1,"skipped":0,"pct":33.33},"statements":{"total":155,"covered":89,"skipped":0,"pct":57.41},"branches":{"total":5,"covered":1,"skipped":0,"pct":20}}
,"/home/runner/work/merajutasa.id/merajutasa.id/public/equity-ui-v2/src/components/KPIBadges.jsx": {"lines":{"total":44,"covered":42,"skipped":0,"pct":95.45},"functions":{"total":3,"covered":3,"skipped":0,"pct":100},"statements":{"total":44,"covered":42,"skipped":0,"pct":95.45},"branches":{"total":13,"covered":5,"skipped":0,"pct":38.46}}
,"/home/runner/work/merajutasa.id/merajutasa.id/public/equity-ui-v2/src/components/charts/AnomaliesChart.jsx": {"lines":{"total":43,"covered":0,"skipped":0,"pct":0},"functions":{"total":1,"covered":0,"skipped":0,"pct":0},"statements":{"total":43,"covered":0,"skipped":0,"pct":0},"branches":{"total":1,"covered":0,"skipped":0,"pct":0}}
,"/home/runner/work/merajutasa.id/merajutasa.id/public/equity-ui-v2/src/components/charts/TrendsChart.jsx": {"lines":{"total":40,"covered":0,"skipped":0,"pct":0},"functions":{"total":1,"covered":0,"skipped":0,"pct":0},"statements":{"total":40,"covered":0,"skipped":0,"pct":0},"branches":{"total":1,"covered":0,"skipped":0,"pct":0}}
,"/home/runner/work/merajutasa.id/merajutasa.id/public/equity-ui-v2/src/pages/analytics/AnalyticsPage.jsx": {"lines":{"total":88,"covered":82,"skipped":0,"pct":93.18},"functions":{"total":4,"covered":1,"skipped":0,"pct":25},"statements":{"total":88,"covered":82,"skipped":0,"pct":93.18},"branches":{"total":17,"covered":12,"skipped":0,"pct":70.58}}
,"/home/runner/work/merajutasa.id/merajutasa.id/public/equity-ui-v2/src/pages/analytics/useSnapshotSimulation.js": {"lines":{"total":56,"covered":41,"skipped":0,"pct":73.21},"functions":{"total":1,"covered":1,"skipped":0,"pct":100},"statements":{"total":56,"covered":41,"skipped":0,"pct":73.21},"branches":{"total":8,"covered":5,"skipped":0,"pct":62.5}}
,"/home/runner/work/merajutasa.id/merajutasa.id/public/equity-ui-v2/src/pages/compliance/CompliancePage.jsx": {"lines":{"total":34,"covered":34,"skipped":0,"pct":100},"functions":{"total":5,"covered":5,"skipped":0,"pct":100},"statements":{"total":34,"covered":34,"skipped":0,"pct":100},"branches":{"total":7,"covered":7,"skipped":0,"pct":100}}
,"/home/runner/work/merajutasa.id/merajutasa.id/public/equity-ui-v2/src/pages/dashboard/EnterpriseDashboard.jsx": {"lines":{"total":114,"covered":104,"skipped":0,"pct":91.22},"functions":{"total":1,"covered":1,"skipped":0,"pct":100},"statements":{"total":114,"covered":104,"skipped":0,"pct":91.22},"branches":{"total":25,"covered":8,"skipped":0,"pct":32}}
,"/home/runner/work/merajutasa.id/merajutasa.id/public/equity-ui-v2/src/pages/dashboard/QuickFilters.jsx": {"lines":{"total":45,"covered":45,"skipped":0,"pct":100},"functions":{"total":4,"covered":1,"skipped":0,"pct":25},"statements":{"total":45,"covered":45,"skipped":0,"pct":100},"branches":{"total":2,"covered":1,"skipped":0,"pct":50}}
,"/home/runner/work/merajutasa.id/merajutasa.id/public/equity-ui-v2/src/pages/settings/SettingsPage.jsx": {"lines":{"total":137,"covered":111,"skipped":0,"pct":81.02},"functions":{"total":9,"covered":1,"skipped":0,"pct":11.11},"statements":{"total":137,"covered":111,"skipped":0,"pct":81.02},"branches":{"total":6,"covered":4,"skipped":0,"pct":66.66}}
,"/home/runner/work/merajutasa.id/merajutasa.id/public/equity-ui-v2/src/services/api.js": {"lines":{"total":96,"covered":83,"skipped":0,"pct":86.45},"functions":{"total":17,"covered":10,"skipped":0,"pct":58.82},"statements":{"total":96,"covered":83,"skipped":0,"pct":86.45},"branches":{"total":25,"covered":10,"skipped":0,"pct":40}}
,"/home/runner/work/merajutasa.id/merajutasa.id/public/equity-ui-v2/src/services/generatedClient.js": {"lines":{"total":119,"covered":85,"skipped":0,"pct":71.42},"functions":{"total":10,"covered":2,"skipped":0,"pct":20},"statements":{"total":119,"covered":85,"skipped":0,"pct":71.42},"branches":{"total":3,"covered":2,"skipped":0,"pct":66.66}}
,"/home/runner/work/merajutasa.id/merajutasa.id/public/equity-ui-v2/src/services/i18n.js": {"lines":{"total":54,"covered":46,"skipped":0,"pct":85.18},"functions":{"total":1,"covered":1,"skipped":0,"pct":100},"statements":{"total":54,"covered":46,"skipped":0,"pct":85.18},"branches":{"total":7,"covered":2,"skipped":0,"pct":28.57}}
,"/home/runner/work/merajutasa.id/merajutasa.id/public/equity-ui-v2/src/services/api/feed-adapters/index.js": {"lines":{"total":31,"covered":31,"skipped":0,"pct":100},"functions":{"total":5,"covered":5,"skipped":0,"pct":100},"statements":{"total":31,"covered":31,"skipped":0,"pct":100},"branches":{"total":27,"covered":20,"skipped":0,"pct":74.07}}
,"/home/runner/work/merajutasa.id/merajutasa.id/public/equity-ui-v2/src/services/auth/authService.js": {"lines":{"total":95,"covered":72,"skipped":0,"pct":75.78},"functions":{"total":15,"covered":9,"skipped":0,"pct":60},"statements":{"total":95,"covered":72,"skipped":0,"pct":75.78},"branches":{"total":20,"covered":11,"skipped":0,"pct":55}}
,"/home/runner/work/merajutasa.id/merajutasa.id/public/equity-ui-v2/src/services/auth/tokenManager.js": {"lines":{"total":125,"covered":88,"skipped":0,"pct":70.4},"functions":{"total":12,"covered":10,"skipped":0,"pct":83.33},"statements":{"total":125,"covered":88,"skipped":0,"pct":70.4},"branches":{"total":35,"covered":18,"skipped":0,"pct":51.42}}
,"/home/runner/work/merajutasa.id/merajutasa.id/public/equity-ui-v2/src/services/auth/useAuth.js": {"lines":{"total":9,"covered":7,"skipped":0,"pct":77.77},"functions":{"total":2,"covered":1,"skipped":0,"pct":50},"statements":{"total":9,"covered":7,"skipped":0,"pct":77.77},"branches":{"total":2,"covered":2,"skipped":0,"pct":100}}
,"/home/runner/work/merajutasa.id/merajutasa.id/public/equity-ui-v2/src/services/websocket/socket.js": {"lines":{"total":28,"covered":27,"skipped":0,"pct":96.42},"functions":{"total":1,"covered":1,"skipped":0,"pct":100},"statements":{"total":28,"covered":27,"skipped":0,"pct":96.42},"branches":{"total":4,"covered":2,"skipped":0,"pct":50}}
,"/home/runner/work/merajutasa.id/merajutasa.id/public/equity-ui-v2/src/services/websocket/useRealtimeDashboard.js": {"lines":{"total":49,"covered":48,"skipped":0,"pct":97.95},"functions":{"total":2,"covered":2,"skipped":0,"pct":100},"statements":{"total":49,"covered":48,"skipped":0,"pct":97.95},"branches":{"total":14,"covered":11,"skipped":0,"pct":78.57}}
,"/home/runner/work/merajutasa.id/merajutasa.id/public/equity-ui-v2/src/stores/ThemeContext.jsx": {"lines":{"total":24,"covered":17,"skipped":0,"pct":70.83},"functions":{"total":3,"covered":2,"skipped":0,"pct":66.66},"statements":{"total":24,"covered":17,"skipped":0,"pct":70.83},"branches":{"total":4,"covered":3,"skipped":0,"pct":75}}
,"/home/runner/work/merajutasa.id/merajutasa.id/public/equity-ui-v2/src/stores/sync.js": {"lines":{"total":41,"covered":40,"skipped":0,"pct":97.56},"functions":{"total":2,"covered":2,"skipped":0,"pct":100},"statements":{"total":41,"covered":40,"skipped":0,"pct":97.56},"branches":{"total":21,"covered":15,"skipped":0,"pct":71.42}}
,"/home/runner/work/merajutasa.id/merajutasa.id/public/equity-ui-v2/src/stores/useAppStore.js": {"lines":{"total":46,"covered":46,"skipped":0,"pct":100},"functions":{"total":11,"covered":10,"skipped":0,"pct":90.9},"statements":{"total":46,"covered":46,"skipped":0,"pct":100},"branches":{"total":20,"covered":16,"skipped":0,"pct":80}}
,"/home/runner/work/merajutasa.id/merajutasa.id/public/equity-ui-v2/src/utils/format.js": {"lines":{"total":2,"covered":0,"skipped":0,"pct":0},"functions":{"total":1,"covered":0,"skipped":0,"pct":0},"statements":{"total":2,"covered":0,"skipped":0,"pct":0},"branches":{"total":1,"covered":0,"skipped":0,"pct":0}}
,"/home/runner/work/merajutasa.id/merajutasa.id/public/equity-ui-v2/src/utils/i18n/index.js": {"lines":{"total":43,"covered":0,"skipped":0,"pct":0},"functions":{"total":1,"covered":0,"skipped":0,"pct":0},"statements":{"total":43,"covered":0,"skipped":0,"pct":0},"branches":{"total":1,"covered":0,"skipped":0,"pct":0}}
}
