{"total": {"lines":{"total":2055,"covered":1346,"skipped":0,"pct":65.49},"statements":{"total":2055,"covered":1346,"skipped":0,"pct":65.49},"functions":{"total":104,"covered":58,"skipped":0,"pct":55.76},"branches":{"total":292,"covered":161,"skipped":0,"pct":55.13},"branchesTrue":{"total":0,"covered":0,"skipped":0,"pct":100}}
,"D:\\farid\\tigabelas8\\merajutasa.id\\public\\equity-ui-v2\\playwright.config.ts": {"lines":{"total":20,"covered":0,"skipped":0,"pct":0},"functions":{"total":1,"covered":0,"skipped":0,"pct":0},"statements":{"total":20,"covered":0,"skipped":0,"pct":0},"branches":{"total":1,"covered":0,"skipped":0,"pct":0}}
,"D:\\farid\\tigabelas8\\merajutasa.id\\public\\equity-ui-v2\\postcss.config.js": {"lines":{"total":6,"covered":0,"skipped":0,"pct":0},"functions":{"total":1,"covered":0,"skipped":0,"pct":0},"statements":{"total":6,"covered":0,"skipped":0,"pct":0},"branches":{"total":1,"covered":0,"skipped":0,"pct":0}}
,"D:\\farid\\tigabelas8\\merajutasa.id\\public\\equity-ui-v2\\tailwind.config.js": {"lines":{"total":21,"covered":0,"skipped":0,"pct":0},"functions":{"total":1,"covered":0,"skipped":0,"pct":0},"statements":{"total":21,"covered":0,"skipped":0,"pct":0},"branches":{"total":1,"covered":0,"skipped":0,"pct":0}}
,"D:\\farid\\tigabelas8\\merajutasa.id\\public\\equity-ui-v2\\src\\App.jsx": {"lines":{"total":68,"covered":66,"skipped":0,"pct":97.05},"functions":{"total":3,"covered":3,"skipped":0,"pct":100},"statements":{"total":68,"covered":66,"skipped":0,"pct":97.05},"branches":{"total":17,"covered":15,"skipped":0,"pct":88.23}}
,"D:\\farid\\tigabelas8\\merajutasa.id\\public\\equity-ui-v2\\src\\main.jsx": {"lines":{"total":9,"covered":0,"skipped":0,"pct":0},"functions":{"total":1,"covered":0,"skipped":0,"pct":0},"statements":{"total":9,"covered":0,"skipped":0,"pct":0},"branches":{"total":1,"covered":0,"skipped":0,"pct":0}}
,"D:\\farid\\tigabelas8\\merajutasa.id\\public\\equity-ui-v2\\src\\components\\Card.jsx": {"lines":{"total":38,"covered":35,"skipped":0,"pct":92.1},"functions":{"total":2,"covered":2,"skipped":0,"pct":100},"statements":{"total":38,"covered":35,"skipped":0,"pct":92.1},"branches":{"total":7,"covered":4,"skipped":0,"pct":57.14}}
,"D:\\farid\\tigabelas8\\merajutasa.id\\public\\equity-ui-v2\\src\\components\\Charts.jsx": {"lines":{"total":123,"covered":56,"skipped":0,"pct":45.52},"functions":{"total":2,"covered":1,"skipped":0,"pct":50},"statements":{"total":123,"covered":56,"skipped":0,"pct":45.52},"branches":{"total":5,"covered":1,"skipped":0,"pct":20}}
,"D:\\farid\\tigabelas8\\merajutasa.id\\public\\equity-ui-v2\\src\\components\\Dashboard.jsx": {"lines":{"total":235,"covered":170,"skipped":0,"pct":72.34},"functions":{"total":2,"covered":1,"skipped":0,"pct":50},"statements":{"total":235,"covered":170,"skipped":0,"pct":72.34},"branches":{"total":28,"covered":14,"skipped":0,"pct":50}}
,"D:\\farid\\tigabelas8\\merajutasa.id\\public\\equity-ui-v2\\src\\components\\Disclaimers.jsx": {"lines":{"total":66,"covered":53,"skipped":0,"pct":80.3},"functions":{"total":2,"covered":2,"skipped":0,"pct":100},"statements":{"total":66,"covered":53,"skipped":0,"pct":80.3},"branches":{"total":18,"covered":6,"skipped":0,"pct":33.33}}
,"D:\\farid\\tigabelas8\\merajutasa.id\\public\\equity-ui-v2\\src\\components\\Header.jsx": {"lines":{"total":145,"covered":84,"skipped":0,"pct":57.93},"functions":{"total":3,"covered":1,"skipped":0,"pct":33.33},"statements":{"total":145,"covered":84,"skipped":0,"pct":57.93},"branches":{"total":5,"covered":1,"skipped":0,"pct":20}}
,"D:\\farid\\tigabelas8\\merajutasa.id\\public\\equity-ui-v2\\src\\components\\KPIBadges.jsx": {"lines":{"total":44,"covered":42,"skipped":0,"pct":95.45},"functions":{"total":3,"covered":3,"skipped":0,"pct":100},"statements":{"total":44,"covered":42,"skipped":0,"pct":95.45},"branches":{"total":13,"covered":5,"skipped":0,"pct":38.46}}
,"D:\\farid\\tigabelas8\\merajutasa.id\\public\\equity-ui-v2\\src\\components\\charts\\AnomaliesChart.jsx": {"lines":{"total":43,"covered":0,"skipped":0,"pct":0},"functions":{"total":1,"covered":0,"skipped":0,"pct":0},"statements":{"total":43,"covered":0,"skipped":0,"pct":0},"branches":{"total":1,"covered":0,"skipped":0,"pct":0}}
,"D:\\farid\\tigabelas8\\merajutasa.id\\public\\equity-ui-v2\\src\\components\\charts\\TrendsChart.jsx": {"lines":{"total":40,"covered":0,"skipped":0,"pct":0},"functions":{"total":1,"covered":0,"skipped":0,"pct":0},"statements":{"total":40,"covered":0,"skipped":0,"pct":0},"branches":{"total":1,"covered":0,"skipped":0,"pct":0}}
,"D:\\farid\\tigabelas8\\merajutasa.id\\public\\equity-ui-v2\\src\\pages\\analytics\\AnalyticsPage.jsx": {"lines":{"total":88,"covered":82,"skipped":0,"pct":93.18},"functions":{"total":4,"covered":1,"skipped":0,"pct":25},"statements":{"total":88,"covered":82,"skipped":0,"pct":93.18},"branches":{"total":17,"covered":12,"skipped":0,"pct":70.58}}
,"D:\\farid\\tigabelas8\\merajutasa.id\\public\\equity-ui-v2\\src\\pages\\analytics\\useSnapshotSimulation.js": {"lines":{"total":68,"covered":53,"skipped":0,"pct":77.94},"functions":{"total":1,"covered":1,"skipped":0,"pct":100},"statements":{"total":68,"covered":53,"skipped":0,"pct":77.94},"branches":{"total":8,"covered":5,"skipped":0,"pct":62.5}}
,"D:\\farid\\tigabelas8\\merajutasa.id\\public\\equity-ui-v2\\src\\pages\\compliance\\CompliancePage.jsx": {"lines":{"total":34,"covered":34,"skipped":0,"pct":100},"functions":{"total":5,"covered":5,"skipped":0,"pct":100},"statements":{"total":34,"covered":34,"skipped":0,"pct":100},"branches":{"total":7,"covered":7,"skipped":0,"pct":100}}
,"D:\\farid\\tigabelas8\\merajutasa.id\\public\\equity-ui-v2\\src\\pages\\dashboard\\EnterpriseDashboard.jsx": {"lines":{"total":114,"covered":104,"skipped":0,"pct":91.22},"functions":{"total":1,"covered":1,"skipped":0,"pct":100},"statements":{"total":114,"covered":104,"skipped":0,"pct":91.22},"branches":{"total":25,"covered":8,"skipped":0,"pct":32}}
,"D:\\farid\\tigabelas8\\merajutasa.id\\public\\equity-ui-v2\\src\\pages\\dashboard\\QuickFilters.jsx": {"lines":{"total":45,"covered":45,"skipped":0,"pct":100},"functions":{"total":4,"covered":1,"skipped":0,"pct":25},"statements":{"total":45,"covered":45,"skipped":0,"pct":100},"branches":{"total":2,"covered":1,"skipped":0,"pct":50}}
,"D:\\farid\\tigabelas8\\merajutasa.id\\public\\equity-ui-v2\\src\\pages\\settings\\SettingsPage.jsx": {"lines":{"total":137,"covered":6,"skipped":0,"pct":4.37},"functions":{"total":1,"covered":0,"skipped":0,"pct":0},"statements":{"total":137,"covered":6,"skipped":0,"pct":4.37},"branches":{"total":0,"covered":0,"skipped":0,"pct":100}}
,"D:\\farid\\tigabelas8\\merajutasa.id\\public\\equity-ui-v2\\src\\services\\api.js": {"lines":{"total":123,"covered":110,"skipped":0,"pct":89.43},"functions":{"total":19,"covered":10,"skipped":0,"pct":52.63},"statements":{"total":123,"covered":110,"skipped":0,"pct":89.43},"branches":{"total":26,"covered":10,"skipped":0,"pct":38.46}}
,"D:\\farid\\tigabelas8\\merajutasa.id\\public\\equity-ui-v2\\src\\services\\generatedClient.js": {"lines":{"total":127,"covered":85,"skipped":0,"pct":66.92},"functions":{"total":10,"covered":2,"skipped":0,"pct":20},"statements":{"total":127,"covered":85,"skipped":0,"pct":66.92},"branches":{"total":3,"covered":2,"skipped":0,"pct":66.66}}
,"D:\\farid\\tigabelas8\\merajutasa.id\\public\\equity-ui-v2\\src\\services\\i18n.js": {"lines":{"total":54,"covered":46,"skipped":0,"pct":85.18},"functions":{"total":1,"covered":1,"skipped":0,"pct":100},"statements":{"total":54,"covered":46,"skipped":0,"pct":85.18},"branches":{"total":7,"covered":2,"skipped":0,"pct":28.57}}
,"D:\\farid\\tigabelas8\\merajutasa.id\\public\\equity-ui-v2\\src\\services\\api\\feed-adapters\\index.js": {"lines":{"total":36,"covered":36,"skipped":0,"pct":100},"functions":{"total":5,"covered":5,"skipped":0,"pct":100},"statements":{"total":36,"covered":36,"skipped":0,"pct":100},"branches":{"total":27,"covered":20,"skipped":0,"pct":74.07}}
,"D:\\farid\\tigabelas8\\merajutasa.id\\public\\equity-ui-v2\\src\\services\\auth\\tokenManager.js": {"lines":{"total":111,"covered":34,"skipped":0,"pct":30.63},"functions":{"total":9,"covered":1,"skipped":0,"pct":11.11},"statements":{"total":111,"covered":34,"skipped":0,"pct":30.63},"branches":{"total":6,"covered":1,"skipped":0,"pct":16.66}}
,"D:\\farid\\tigabelas8\\merajutasa.id\\public\\equity-ui-v2\\src\\services\\websocket\\socket.js": {"lines":{"total":33,"covered":32,"skipped":0,"pct":96.96},"functions":{"total":1,"covered":1,"skipped":0,"pct":100},"statements":{"total":33,"covered":32,"skipped":0,"pct":96.96},"branches":{"total":4,"covered":2,"skipped":0,"pct":50}}
,"D:\\farid\\tigabelas8\\merajutasa.id\\public\\equity-ui-v2\\src\\services\\websocket\\useRealtimeDashboard.js": {"lines":{"total":59,"covered":58,"skipped":0,"pct":98.3},"functions":{"total":2,"covered":2,"skipped":0,"pct":100},"statements":{"total":59,"covered":58,"skipped":0,"pct":98.3},"branches":{"total":14,"covered":11,"skipped":0,"pct":78.57}}
,"D:\\farid\\tigabelas8\\merajutasa.id\\public\\equity-ui-v2\\src\\stores\\ThemeContext.jsx": {"lines":{"total":24,"covered":17,"skipped":0,"pct":70.83},"functions":{"total":3,"covered":2,"skipped":0,"pct":66.66},"statements":{"total":24,"covered":17,"skipped":0,"pct":70.83},"branches":{"total":4,"covered":3,"skipped":0,"pct":75}}
,"D:\\farid\\tigabelas8\\merajutasa.id\\public\\equity-ui-v2\\src\\stores\\sync.js": {"lines":{"total":46,"covered":45,"skipped":0,"pct":97.82},"functions":{"total":2,"covered":2,"skipped":0,"pct":100},"statements":{"total":46,"covered":45,"skipped":0,"pct":97.82},"branches":{"total":21,"covered":15,"skipped":0,"pct":71.42}}
,"D:\\farid\\tigabelas8\\merajutasa.id\\public\\equity-ui-v2\\src\\stores\\useAppStore.js": {"lines":{"total":53,"covered":53,"skipped":0,"pct":100},"functions":{"total":11,"covered":10,"skipped":0,"pct":90.9},"statements":{"total":53,"covered":53,"skipped":0,"pct":100},"branches":{"total":20,"covered":16,"skipped":0,"pct":80}}
,"D:\\farid\\tigabelas8\\merajutasa.id\\public\\equity-ui-v2\\src\\utils\\format.js": {"lines":{"total":2,"covered":0,"skipped":0,"pct":0},"functions":{"total":1,"covered":0,"skipped":0,"pct":0},"statements":{"total":2,"covered":0,"skipped":0,"pct":0},"branches":{"total":1,"covered":0,"skipped":0,"pct":0}}
,"D:\\farid\\tigabelas8\\merajutasa.id\\public\\equity-ui-v2\\src\\utils\\i18n\\index.js": {"lines":{"total":43,"covered":0,"skipped":0,"pct":0},"functions":{"total":1,"covered":0,"skipped":0,"pct":0},"statements":{"total":43,"covered":0,"skipped":0,"pct":0},"branches":{"total":1,"covered":0,"skipped":0,"pct":0}}
}
