TN:
SF:playwright.config.ts
FN:1,(empty-report)
FNF:1
FNH:0
FNDA:0,(empty-report)
DA:1,0
DA:3,0
DA:4,0
DA:5,0
DA:6,0
DA:7,0
DA:8,0
DA:9,0
DA:10,0
DA:11,0
DA:12,0
DA:13,0
DA:14,0
DA:15,0
DA:16,0
DA:17,0
DA:18,0
DA:19,0
DA:20,0
DA:21,0
LF:20
LH:0
BRDA:1,0,0,0
BRF:1
BRH:0
end_of_record
TN:
SF:postcss.config.js
FN:1,(empty-report)
FNF:1
FNH:0
FNDA:0,(empty-report)
DA:1,0
DA:2,0
DA:3,0
DA:4,0
DA:5,0
DA:6,0
LF:6
LH:0
BRDA:1,0,0,0
BRF:1
BRH:0
end_of_record
TN:
SF:tailwind.config.js
FN:1,(empty-report)
FNF:1
FNH:0
FNDA:0,(empty-report)
DA:1,0
DA:2,0
DA:3,0
DA:4,0
DA:5,0
DA:6,0
DA:7,0
DA:8,0
DA:9,0
DA:10,0
DA:11,0
DA:12,0
DA:13,0
DA:14,0
DA:15,0
DA:16,0
DA:17,0
DA:18,0
DA:19,0
DA:20,0
DA:21,0
LF:21
LH:0
BRDA:1,0,0,0
BRF:1
BRH:0
end_of_record
TN:
SF:src\App.jsx
FN:24,RealtimeRoot
FN:35,onHash
FN:88,App
FNF:3
FNH:3
FNDA:6,RealtimeRoot
FNDA:5,onHash
FNDA:6,App
DA:1,1
DA:2,1
DA:3,1
DA:4,1
DA:5,1
DA:6,1
DA:7,1
DA:8,1
DA:9,1
DA:10,1
DA:11,1
DA:12,1
DA:15,1
DA:16,1
DA:17,1
DA:18,1
DA:19,1
DA:20,1
DA:21,1
DA:22,1
DA:24,6
DA:25,6
DA:26,6
DA:27,6
DA:28,6
DA:29,6
DA:30,6
DA:31,6
DA:32,6
DA:33,6
DA:34,6
DA:35,6
DA:36,6
DA:37,6
DA:38,6
DA:40,6
DA:41,6
DA:42,6
DA:43,6
DA:44,6
DA:45,6
DA:46,6
DA:47,6
DA:48,6
DA:49,6
DA:50,6
DA:51,6
DA:52,6
DA:53,6
DA:54,6
DA:56,6
DA:57,6
DA:58,6
DA:59,6
DA:60,6
DA:61,6
DA:62,6
DA:64,6
DA:65,0
DA:66,6
DA:67,2
DA:68,0
DA:70,2
DA:72,4
DA:73,2
DA:74,0
DA:76,2
DA:79,2
DA:81,6
DA:82,6
DA:83,6
DA:84,6
DA:86,6
DA:88,6
DA:89,6
DA:90,6
DA:91,6
DA:92,6
DA:94,6
DA:96,1
LF:80
LH:77
BRDA:24,0,0,6
BRDA:64,1,0,0
BRDA:66,2,0,2
BRDA:67,3,0,0
BRDA:70,4,0,4
BRDA:72,5,0,2
BRDA:73,6,0,0
BRDA:76,7,0,2
BRDA:28,8,0,6
BRDA:29,9,0,0
BRDA:33,10,0,6
BRDA:34,11,0,6
BRDA:35,12,0,5
BRDA:37,13,0,6
BRDA:44,14,0,6
BRDA:48,15,0,6
BRDA:52,16,0,6
BRDA:52,17,0,4
BRDA:88,18,0,6
BRF:19
BRH:15
end_of_record
TN:
SF:src\main.jsx
FN:1,(empty-report)
FNF:1
FNH:0
FNDA:0,(empty-report)
DA:1,0
DA:2,0
DA:3,0
DA:4,0
DA:6,0
DA:7,0
DA:8,0
DA:9,0
DA:10,0
LF:9
LH:0
BRDA:1,0,0,0
BRF:1
BRH:0
end_of_record
TN:
SF:src\components\Card.jsx
FN:4,Card
FN:39,DataCard
FNF:2
FNH:2
FNDA:35,Card
FNDA:8,DataCard
DA:1,1
DA:4,1
DA:5,35
DA:6,35
DA:7,35
DA:8,35
DA:9,35
DA:10,35
DA:11,35
DA:12,35
DA:13,35
DA:14,35
DA:16,35
DA:17,35
DA:18,35
DA:19,35
DA:20,35
DA:22,35
DA:23,35
DA:24,1
DA:25,1
DA:26,1
DA:27,34
DA:28,0
DA:29,0
DA:30,0
DA:32,34
DA:34,35
DA:35,35
DA:37,35
DA:39,1
DA:40,8
DA:41,8
DA:42,8
DA:43,8
DA:44,8
DA:45,8
DA:47,8
LF:38
LH:35
BRDA:4,0,0,35
BRDA:19,1,0,0
BRDA:23,2,0,1
BRDA:26,3,0,34
BRDA:27,4,0,0
BRDA:39,5,0,8
BRDA:43,6,0,0
BRF:7
BRH:4
end_of_record
TN:
SF:src\components\Charts.jsx
FN:28,DecisionTrendsChart
FN:104,KPIChart
FNF:2
FNH:1
FNDA:0,DecisionTrendsChart
FNDA:1,KPIChart
DA:1,1
DA:17,1
DA:18,1
DA:19,1
DA:20,1
DA:21,1
DA:22,1
DA:23,1
DA:24,1
DA:25,1
DA:26,1
DA:28,1
DA:29,0
DA:30,0
DA:31,0
DA:32,0
DA:34,0
DA:36,0
DA:38,0
DA:39,0
DA:40,0
DA:41,0
DA:42,0
DA:44,0
DA:46,0
DA:47,0
DA:48,0
DA:49,0
DA:50,0
DA:51,0
DA:52,0
DA:53,0
DA:54,0
DA:55,0
DA:56,0
DA:57,0
DA:58,0
DA:59,0
DA:60,0
DA:61,0
DA:62,0
DA:63,0
DA:64,0
DA:65,0
DA:66,0
DA:67,0
DA:68,0
DA:69,0
DA:70,0
DA:71,0
DA:73,0
DA:74,0
DA:75,0
DA:76,0
DA:77,0
DA:78,0
DA:79,0
DA:80,0
DA:81,0
DA:82,0
DA:83,0
DA:84,0
DA:85,0
DA:86,0
DA:87,0
DA:88,0
DA:89,0
DA:90,0
DA:91,0
DA:92,0
DA:93,0
DA:94,0
DA:95,0
DA:97,0
DA:98,0
DA:99,0
DA:100,0
DA:102,0
DA:104,1
DA:105,1
DA:106,1
DA:107,1
DA:108,1
DA:110,0
DA:112,1
DA:113,1
DA:114,1
DA:115,1
DA:116,1
DA:117,1
DA:118,1
DA:119,1
DA:120,1
DA:121,1
DA:122,1
DA:123,1
DA:124,1
DA:125,1
DA:126,1
DA:127,1
DA:128,1
DA:129,1
DA:130,1
DA:131,1
DA:133,1
DA:134,1
DA:135,1
DA:136,1
DA:137,1
DA:138,1
DA:139,1
DA:140,1
DA:141,1
DA:142,1
DA:143,1
DA:144,1
DA:145,1
DA:146,1
DA:148,1
DA:149,1
DA:150,1
DA:151,1
DA:153,1
LF:123
LH:56
BRDA:104,0,0,1
BRDA:108,1,0,0
BRDA:118,2,0,0
BRDA:119,3,0,0
BRDA:120,4,0,0
BRF:5
BRH:1
end_of_record
TN:
SF:src\components\Dashboard.jsx
FN:17,Dashboard
FN:36,handleRefresh
FNF:2
FNH:1
FNDA:6,Dashboard
FNDA:0,handleRefresh
DA:1,1
DA:9,1
DA:10,2
DA:11,1
DA:12,1
DA:17,1
DA:18,6
DA:20,6
DA:21,6
DA:22,6
DA:23,6
DA:24,6
DA:25,6
DA:26,6
DA:27,6
DA:28,6
DA:29,6
DA:30,6
DA:31,6
DA:34,6
DA:36,6
DA:37,0
DA:38,0
DA:40,6
DA:41,3
DA:42,3
DA:43,3
DA:44,3
DA:45,3
DA:46,3
DA:47,3
DA:49,3
DA:51,5
DA:52,0
DA:53,0
DA:54,0
DA:55,0
DA:56,0
DA:57,0
DA:58,0
DA:59,0
DA:60,0
DA:61,0
DA:62,0
DA:63,0
DA:64,0
DA:66,0
DA:67,0
DA:68,0
DA:69,0
DA:70,0
DA:72,0
DA:74,5
DA:76,6
DA:77,6
DA:79,6
DA:80,6
DA:81,6
DA:83,6
DA:84,6
DA:87,6
DA:89,6
DA:92,6
DA:93,6
DA:94,6
DA:95,6
DA:96,6
DA:97,6
DA:98,6
DA:99,6
DA:100,6
DA:102,6
DA:103,6
DA:104,6
DA:105,6
DA:108,6
DA:110,6
DA:111,6
DA:112,6
DA:113,6
DA:116,6
DA:117,6
DA:120,6
DA:121,6
DA:122,6
DA:123,3
DA:125,3
DA:126,3
DA:127,3
DA:128,3
DA:129,3
DA:132,3
DA:133,3
DA:136,3
DA:137,3
DA:138,3
DA:139,3
DA:140,3
DA:141,3
DA:142,3
DA:143,3
DA:144,3
DA:145,3
DA:146,3
DA:147,3
DA:148,3
DA:149,3
DA:150,3
DA:154,3
DA:155,3
DA:156,3
DA:157,3
DA:158,3
DA:159,3
DA:160,3
DA:161,3
DA:162,3
DA:164,0
DA:165,0
DA:166,0
DA:168,6
DA:169,6
DA:172,6
DA:174,6
DA:175,6
DA:176,0
DA:178,0
DA:179,0
DA:180,0
DA:181,0
DA:182,0
DA:183,0
DA:184,0
DA:185,0
DA:186,0
DA:188,0
DA:189,0
DA:190,0
DA:191,0
DA:192,0
DA:193,0
DA:194,0
DA:195,0
DA:196,0
DA:197,0
DA:198,0
DA:199,0
DA:200,0
DA:201,0
DA:202,0
DA:203,0
DA:205,0
DA:208,0
DA:209,0
DA:210,0
DA:211,0
DA:212,0
DA:213,0
DA:214,0
DA:215,0
DA:216,0
DA:218,3
DA:219,3
DA:220,3
DA:222,6
DA:225,6
DA:226,6
DA:227,6
DA:228,6
DA:229,6
DA:230,6
DA:233,6
DA:234,6
DA:235,6
DA:236,6
DA:239,6
DA:240,3
DA:241,3
DA:242,3
DA:243,3
DA:244,3
DA:245,3
DA:246,3
DA:247,0
DA:248,3
DA:249,3
DA:251,3
DA:252,3
DA:253,0
DA:254,3
DA:255,3
DA:256,3
DA:257,3
DA:258,3
DA:259,3
DA:260,3
DA:261,0
DA:262,3
DA:263,3
DA:265,3
DA:266,3
DA:267,3
DA:268,3
DA:269,3
DA:270,3
DA:271,3
DA:272,3
DA:273,3
DA:274,0
DA:275,3
DA:276,3
DA:278,3
DA:279,3
DA:280,0
DA:281,3
DA:282,3
DA:283,3
DA:284,3
DA:288,6
DA:289,6
DA:290,6
DA:291,6
DA:293,6
DA:294,6
DA:295,6
DA:296,6
DA:298,6
DA:299,6
DA:300,6
DA:301,6
DA:302,6
DA:305,6
DA:306,6
DA:307,6
DA:309,6
LF:235
LH:170
BRDA:9,0,0,2
BRDA:10,1,0,1
BRDA:12,2,0,2
BRDA:12,3,0,1
BRDA:17,4,0,6
BRDA:40,5,0,5
BRDA:40,6,0,3
BRDA:51,7,0,0
BRDA:72,8,0,3
BRDA:74,9,0,0
BRDA:95,10,0,3
BRDA:95,11,0,0
BRDA:112,12,0,0
BRDA:116,13,0,0
BRDA:122,14,0,3
BRDA:162,15,0,0
BRDA:175,16,0,3
BRDA:175,17,0,3
BRDA:175,18,0,0
BRDA:216,19,0,3
BRDA:239,20,0,3
BRDA:246,21,0,0
BRDA:252,22,0,0
BRDA:260,23,0,0
BRDA:266,24,0,0
BRDA:273,25,0,0
BRDA:279,26,0,0
BRDA:178,27,0,0
BRF:28
BRH:14
end_of_record
TN:
SF:src\components\Disclaimers.jsx
FN:16,fetchJson
FN:26,Disclaimers
FNF:2
FNH:2
FNDA:10,fetchJson
FNDA:7,Disclaimers
DA:1,1
DA:4,1
DA:5,1
DA:6,1
DA:7,1
DA:8,1
DA:9,1
DA:10,1
DA:11,1
DA:12,1
DA:13,1
DA:14,1
DA:16,10
DA:17,10
DA:18,10
DA:19,0
DA:20,0
DA:21,10
DA:22,10
DA:23,10
DA:24,10
DA:26,1
DA:27,7
DA:28,7
DA:30,7
DA:32,5
DA:33,5
DA:34,0
DA:35,0
DA:36,0
DA:37,0
DA:39,5
DA:40,5
DA:41,5
DA:42,5
DA:43,5
DA:44,5
DA:45,5
DA:46,7
DA:48,7
DA:50,5
DA:51,0
DA:52,0
DA:53,0
DA:54,0
DA:55,0
DA:56,0
DA:57,0
DA:59,5
DA:60,5
DA:61,5
DA:62,7
DA:64,7
DA:66,7
DA:67,7
DA:68,7
DA:69,7
DA:71,7
DA:72,7
DA:73,7
DA:74,28
DA:75,7
DA:76,7
DA:77,7
DA:79,7
DA:81,1
LF:66
LH:53
BRDA:16,0,0,10
BRDA:18,1,0,0
BRDA:26,2,0,7
BRDA:64,3,0,0
BRDA:30,4,0,5
BRDA:32,5,0,0
BRDA:33,6,0,0
BRDA:33,7,0,0
BRDA:33,8,0,0
BRDA:42,9,0,5
BRDA:43,10,0,0
BRDA:44,11,0,0
BRDA:48,12,0,5
BRDA:50,13,0,0
BRDA:50,14,0,0
BRDA:59,15,0,0
BRDA:60,16,0,0
BRDA:73,17,0,28
BRF:18
BRH:6
end_of_record
TN:
SF:src\components\ErrorBoundary.jsx
FN:4,ErrorBoundary
FN:9,getDerivedStateFromError
FN:13,componentDidCatch
FN:17,render
FNF:4
FNH:2
FNDA:6,ErrorBoundary
FNDA:0,getDerivedStateFromError
FNDA:0,componentDidCatch
FNDA:6,render
DA:1,1
DA:3,1
DA:4,1
DA:5,6
DA:6,6
DA:7,6
DA:9,1
DA:10,0
DA:11,0
DA:13,1
DA:14,0
DA:15,0
DA:17,1
DA:18,6
DA:19,0
DA:20,0
DA:21,0
DA:22,0
DA:24,0
DA:25,0
DA:26,0
DA:28,0
DA:29,6
DA:30,6
DA:31,1
DA:33,1
LF:26
LH:14
BRDA:4,0,0,6
BRDA:17,1,0,6
BRDA:18,2,0,0
BRF:3
BRH:2
end_of_record
TN:
SF:src\components\Header.jsx
FN:15,Header
FN:20,toggleLanguage
FN:123,onClick
FNF:3
FNH:1
FNDA:6,Header
FNDA:0,toggleLanguage
FNDA:0,onClick
DA:1,1
DA:15,1
DA:16,6
DA:17,6
DA:18,6
DA:20,6
DA:21,0
DA:22,0
DA:25,0
DA:26,0
DA:27,0
DA:28,0
DA:30,6
DA:31,6
DA:32,6
DA:33,6
DA:35,6
DA:36,6
DA:37,6
DA:38,6
DA:39,6
DA:40,6
DA:41,6
DA:42,6
DA:43,6
DA:44,6
DA:45,6
DA:48,6
DA:49,6
DA:50,6
DA:51,6
DA:53,6
DA:54,6
DA:55,6
DA:57,6
DA:58,6
DA:59,6
DA:60,6
DA:61,6
DA:63,6
DA:64,6
DA:65,6
DA:66,6
DA:67,6
DA:69,6
DA:70,6
DA:71,6
DA:72,6
DA:73,6
DA:75,6
DA:76,6
DA:78,6
DA:79,6
DA:80,6
DA:81,6
DA:83,6
DA:84,6
DA:85,6
DA:88,6
DA:89,6
DA:90,6
DA:91,6
DA:93,6
DA:94,6
DA:96,0
DA:98,6
DA:101,6
DA:102,6
DA:103,6
DA:104,6
DA:105,6
DA:107,6
DA:108,6
DA:109,6
DA:110,6
DA:111,6
DA:112,6
DA:113,6
DA:115,6
DA:116,6
DA:118,6
DA:121,6
DA:122,6
DA:123,6
DA:124,6
DA:125,6
DA:126,6
DA:127,6
DA:129,6
DA:130,6
DA:131,6
DA:132,6
DA:135,6
DA:136,0
DA:137,0
DA:138,0
DA:139,0
DA:141,0
DA:143,0
DA:144,0
DA:145,0
DA:146,0
DA:148,0
DA:149,0
DA:150,0
DA:151,0
DA:152,0
DA:153,0
DA:154,0
DA:155,0
DA:157,0
DA:158,0
DA:160,0
DA:162,0
DA:163,0
DA:164,0
DA:167,0
DA:168,0
DA:169,0
DA:170,0
DA:171,0
DA:173,0
DA:174,0
DA:175,0
DA:176,0
DA:177,0
DA:178,0
DA:179,0
DA:181,0
DA:182,0
DA:183,0
DA:184,0
DA:185,0
DA:187,0
DA:188,0
DA:189,0
DA:190,0
DA:191,0
DA:193,0
DA:194,0
DA:195,0
DA:196,0
DA:197,0
DA:199,0
DA:200,0
DA:201,0
DA:202,0
DA:203,0
DA:205,0
DA:206,0
DA:207,0
DA:208,0
DA:210,6
DA:211,6
DA:213,6
LF:155
LH:89
BRDA:15,0,0,6
BRDA:91,1,0,0
BRDA:94,2,0,0
BRDA:129,3,0,0
BRDA:135,4,0,0
BRF:5
BRH:1
end_of_record
TN:
SF:src\components\KPIBadges.jsx
FN:5,KPIBadge
FN:6,getStatusColor
FN:30,KPIBadges
FNF:3
FNH:3
FNDA:8,KPIBadge
FNDA:8,getStatusColor
FNDA:2,KPIBadges
DA:1,1
DA:5,1
DA:6,8
DA:7,8
DA:8,8
DA:9,6
DA:10,8
DA:11,0
DA:12,8
DA:13,0
DA:14,8
DA:15,2
DA:16,8
DA:17,8
DA:19,8
DA:20,8
DA:21,8
DA:22,8
DA:23,8
DA:25,8
DA:26,8
DA:28,8
DA:30,1
DA:31,2
DA:33,2
DA:34,2
DA:36,2
DA:37,2
DA:39,2
DA:40,2
DA:41,2
DA:42,2
DA:43,2
DA:44,2
DA:45,2
DA:46,2
DA:47,2
DA:48,2
DA:49,2
DA:50,2
DA:51,2
DA:52,2
DA:53,2
DA:55,2
LF:44
LH:42
BRDA:5,0,0,8
BRDA:6,1,0,8
BRDA:8,2,0,6
BRDA:10,3,0,0
BRDA:12,4,0,0
BRDA:14,5,0,2
BRDA:30,6,0,2
BRDA:33,7,0,0
BRDA:34,8,0,0
BRDA:36,9,0,0
BRDA:37,10,0,0
BRDA:45,11,0,0
BRDA:50,12,0,0
BRF:13
BRH:5
end_of_record
TN:
SF:src\components\charts\AnomaliesChart.jsx
FN:1,(empty-report)
FNF:1
FNH:0
FNDA:0,(empty-report)
DA:1,0
DA:12,0
DA:14,0
DA:15,0
DA:16,0
DA:17,0
DA:18,0
DA:19,0
DA:20,0
DA:21,0
DA:22,0
DA:23,0
DA:24,0
DA:25,0
DA:27,0
DA:28,0
DA:29,0
DA:31,0
DA:32,0
DA:33,0
DA:34,0
DA:35,0
DA:36,0
DA:37,0
DA:38,0
DA:39,0
DA:40,0
DA:41,0
DA:42,0
DA:43,0
DA:44,0
DA:45,0
DA:46,0
DA:47,0
DA:48,0
DA:49,0
DA:50,0
DA:51,0
DA:53,0
DA:54,0
DA:55,0
DA:56,0
DA:58,0
LF:43
LH:0
BRDA:1,0,0,0
BRF:1
BRH:0
end_of_record
TN:
SF:src\components\charts\TrendsChart.jsx
FN:1,(empty-report)
FNF:1
FNH:0
FNDA:0,(empty-report)
DA:1,0
DA:14,0
DA:16,0
DA:17,0
DA:18,0
DA:19,0
DA:20,0
DA:21,0
DA:22,0
DA:23,0
DA:24,0
DA:25,0
DA:26,0
DA:27,0
DA:28,0
DA:29,0
DA:30,0
DA:31,0
DA:32,0
DA:34,0
DA:35,0
DA:36,0
DA:38,0
DA:39,0
DA:40,0
DA:41,0
DA:42,0
DA:43,0
DA:44,0
DA:45,0
DA:46,0
DA:47,0
DA:48,0
DA:49,0
DA:50,0
DA:52,0
DA:53,0
DA:54,0
DA:55,0
DA:57,0
LF:40
LH:0
BRDA:1,0,0,0
BRF:1
BRH:0
end_of_record
TN:
SF:src\pages\analytics\AnalyticsPage.jsx
FN:17,AnalyticsPage
FN:36,getId
FN:60,onClick
FN:66,onClick
FNF:4
FNH:1
FNDA:3,AnalyticsPage
FNDA:0,getId
FNDA:0,onClick
FNDA:0,onClick
DA:1,1
DA:10,1
DA:11,1
DA:12,1
DA:13,1
DA:14,1
DA:15,1
DA:17,3
DA:18,3
DA:19,3
DA:20,3
DA:21,3
DA:22,3
DA:23,3
DA:24,3
DA:25,3
DA:26,3
DA:27,3
DA:28,3
DA:30,3
DA:31,3
DA:33,3
DA:34,3
DA:35,3
DA:36,3
DA:37,3
DA:39,3
DA:40,3
DA:42,3
DA:44,3
DA:45,3
DA:46,3
DA:47,3
DA:48,3
DA:51,3
DA:52,3
DA:53,3
DA:54,3
DA:55,3
DA:57,3
DA:58,3
DA:59,3
DA:60,3
DA:61,3
DA:63,3
DA:64,3
DA:65,3
DA:66,3
DA:67,3
DA:69,3
DA:70,3
DA:71,3
DA:72,3
DA:73,3
DA:74,3
DA:75,3
DA:76,3
DA:77,3
DA:78,3
DA:81,3
DA:82,3
DA:83,1
DA:85,2
DA:86,2
DA:87,2
DA:90,2
DA:91,2
DA:93,3
DA:94,0
DA:95,0
DA:96,0
DA:98,3
DA:101,3
DA:102,3
DA:103,1
DA:105,2
DA:106,2
DA:107,2
DA:110,2
DA:111,2
DA:113,3
DA:114,0
DA:115,0
DA:116,0
DA:118,3
DA:121,3
DA:122,3
DA:124,3
LF:88
LH:82
BRDA:10,0,0,1
BRDA:11,1,0,1
BRDA:13,2,0,1
BRDA:14,3,0,1
BRDA:17,4,0,3
BRDA:34,5,0,0
BRDA:42,6,0,2
BRDA:57,7,0,0
BRDA:75,8,0,0
BRDA:82,9,0,1
BRDA:83,10,0,2
BRDA:93,11,0,0
BRDA:102,12,0,1
BRDA:103,13,0,2
BRDA:113,14,0,0
BRDA:30,15,0,2
BRDA:31,16,0,2
BRF:17
BRH:12
end_of_record
TN:
SF:src\pages\analytics\useSnapshotSimulation.js
FN:9,useSnapshotSimulation
FNF:1
FNH:1
FNDA:3,useSnapshotSimulation
DA:1,1
DA:2,1
DA:3,1
DA:4,1
DA:5,1
DA:6,1
DA:7,1
DA:8,1
DA:9,1
DA:10,3
DA:11,3
DA:12,3
DA:13,3
DA:14,3
DA:15,3
DA:16,3
DA:17,3
DA:18,3
DA:19,1
DA:20,0
DA:21,0
DA:22,0
DA:23,3
DA:24,3
DA:25,3
DA:26,3
DA:27,0
DA:28,0
DA:29,3
DA:30,3
DA:31,3
DA:32,3
DA:33,3
DA:34,0
DA:35,0
DA:36,0
DA:37,0
DA:38,3
DA:39,3
DA:40,3
DA:41,0
DA:42,0
DA:43,3
DA:44,3
DA:45,3
DA:46,0
DA:47,0
DA:48,3
DA:49,3
DA:50,3
DA:51,0
DA:52,0
DA:53,3
DA:54,3
DA:55,3
DA:56,3
DA:57,3
DA:58,3
DA:59,3
DA:60,3
DA:61,3
DA:62,3
DA:63,3
DA:64,3
DA:65,3
DA:66,3
DA:67,3
DA:68,3
LF:68
LH:53
BRDA:9,0,0,3
BRDA:61,1,0,0
BRDA:14,2,0,3
BRDA:14,3,0,0
BRDA:18,4,0,1
BRDA:19,5,0,0
BRDA:55,6,0,1
BRDA:55,7,0,1
BRF:8
BRH:5
end_of_record
TN:
SF:src\pages\compliance\CompliancePage.jsx
FN:8,useAuditSignals
FN:10,queryFn
FN:13,queryFn
FN:15,queryFn
FN:19,CompliancePage
FNF:5
FNH:5
FNDA:2,useAuditSignals
FNDA:1,queryFn
FNDA:1,queryFn
FNDA:1,queryFn
FNDA:2,CompliancePage
DA:1,1
DA:8,2
DA:10,2
DA:11,2
DA:12,2
DA:13,2
DA:14,2
DA:15,2
DA:16,2
DA:17,2
DA:19,2
DA:20,2
DA:21,2
DA:22,2
DA:24,2
DA:25,2
DA:26,2
DA:27,2
DA:28,2
DA:30,2
DA:31,2
DA:32,2
DA:33,2
DA:34,2
DA:35,2
DA:36,2
DA:38,2
DA:39,2
DA:40,2
DA:41,2
DA:42,2
DA:43,2
DA:44,2
DA:46,2
LF:34
LH:34
BRDA:8,0,0,2
BRDA:10,1,0,1
BRDA:13,2,0,1
BRDA:15,3,0,1
BRDA:19,4,0,2
BRDA:22,5,0,1
BRDA:22,6,0,1
BRF:7
BRH:7
end_of_record
TN:
SF:src\pages\dashboard\EnterpriseDashboard.jsx
FN:10,EnterpriseDashboard
FNF:1
FNH:1
FNDA:1,EnterpriseDashboard
DA:1,1
DA:10,1
DA:11,1
DA:12,1
DA:13,1
DA:14,1
DA:15,1
DA:16,1
DA:19,1
DA:20,1
DA:21,1
DA:22,1
DA:23,1
DA:25,1
DA:26,1
DA:27,1
DA:28,1
DA:29,1
DA:31,1
DA:33,1
DA:34,1
DA:35,0
DA:36,0
DA:37,0
DA:38,0
DA:39,0
DA:40,0
DA:41,0
DA:42,0
DA:43,0
DA:44,1
DA:47,1
DA:48,1
DA:49,1
DA:50,1
DA:51,1
DA:52,1
DA:53,1
DA:54,1
DA:55,1
DA:57,1
DA:58,1
DA:59,1
DA:60,1
DA:62,1
DA:63,1
DA:64,1
DA:65,1
DA:66,1
DA:69,1
DA:70,1
DA:71,1
DA:74,1
DA:75,1
DA:76,1
DA:77,1
DA:78,1
DA:79,1
DA:80,1
DA:81,1
DA:82,1
DA:83,1
DA:84,1
DA:85,1
DA:86,1
DA:87,1
DA:88,1
DA:89,1
DA:90,1
DA:91,1
DA:92,1
DA:93,1
DA:94,1
DA:96,1
DA:97,1
DA:98,1
DA:99,1
DA:100,1
DA:101,1
DA:102,1
DA:103,1
DA:104,1
DA:105,1
DA:106,1
DA:107,1
DA:108,1
DA:109,1
DA:110,1
DA:111,1
DA:113,1
DA:114,1
DA:115,1
DA:116,1
DA:117,1
DA:118,1
DA:121,1
DA:122,1
DA:123,1
DA:124,0
DA:126,1
DA:128,1
DA:129,1
DA:130,1
DA:131,1
DA:132,1
DA:133,1
DA:136,1
DA:137,1
DA:138,1
DA:139,1
DA:140,1
DA:143,1
DA:144,1
DA:146,1
LF:114
LH:104
BRDA:10,0,0,1
BRDA:25,1,0,0
BRDA:26,2,0,0
BRDA:27,3,0,0
BRDA:28,4,0,0
BRDA:29,5,0,0
BRDA:64,6,0,0
BRDA:100,7,0,0
BRDA:104,8,0,0
BRDA:108,9,0,0
BRDA:123,10,0,0
BRDA:131,11,0,0
BRDA:19,12,0,1
BRDA:20,13,0,1
BRDA:21,14,0,1
BRDA:22,15,0,1
BRDA:23,16,0,1
BRDA:33,17,0,1
BRDA:34,18,0,0
BRDA:34,19,0,0
BRDA:48,20,0,1
BRDA:49,21,0,0
BRDA:50,22,0,0
BRDA:51,23,0,0
BRDA:52,24,0,0
BRF:25
BRH:8
end_of_record
TN:
SF:src\pages\dashboard\QuickFilters.jsx
FN:3,QuickFilters
FN:21,onChange
FN:32,onChange
FN:44,onChange
FNF:4
FNH:1
FNDA:1,QuickFilters
FNDA:0,onChange
FNDA:0,onChange
FNDA:0,onChange
DA:1,1
DA:3,1
DA:4,1
DA:6,1
DA:7,1
DA:8,1
DA:9,1
DA:10,1
DA:11,1
DA:12,1
DA:14,1
DA:15,1
DA:16,1
DA:17,1
DA:18,1
DA:19,1
DA:20,1
DA:21,1
DA:22,1
DA:23,1
DA:24,1
DA:25,1
DA:27,1
DA:28,1
DA:29,1
DA:30,1
DA:31,1
DA:32,1
DA:34,1
DA:35,1
DA:36,1
DA:37,1
DA:38,1
DA:39,1
DA:40,1
DA:41,1
DA:42,1
DA:43,1
DA:44,1
DA:45,1
DA:46,1
DA:48,1
DA:49,1
DA:50,1
DA:52,1
LF:45
LH:45
BRDA:3,0,0,1
BRDA:4,1,0,0
BRF:2
BRH:1
end_of_record
TN:
SF:src\pages\settings\SettingsPage.jsx
FN:13,SettingsPage
FN:26,onSaveToken
FN:32,onClearToken
FN:37,onSaveApiKey
FN:42,onLangChange
FN:74,onChange
FN:82,onChange
FN:113,onChange
FN:126,onClick
FNF:9
FNH:1
FNDA:3,SettingsPage
FNDA:0,onSaveToken
FNDA:0,onClearToken
FNDA:0,onSaveApiKey
FNDA:0,onLangChange
FNDA:0,onChange
FNDA:0,onChange
FNDA:0,onChange
FNDA:0,onClick
DA:1,1
DA:2,1
DA:3,1
DA:11,1
DA:13,1
DA:14,3
DA:15,3
DA:16,3
DA:17,3
DA:18,3
DA:19,3
DA:20,0
DA:21,0
DA:22,3
DA:23,3
DA:24,3
DA:26,3
DA:27,0
DA:28,0
DA:29,0
DA:30,0
DA:32,3
DA:33,0
DA:34,0
DA:35,0
DA:37,3
DA:38,0
DA:39,0
DA:40,0
DA:42,3
DA:43,0
DA:44,0
DA:45,0
DA:46,0
DA:47,0
DA:48,0
DA:50,0
DA:51,0
DA:52,0
DA:53,0
DA:54,0
DA:56,3
DA:57,3
DA:58,3
DA:59,3
DA:60,3
DA:61,3
DA:62,3
DA:63,3
DA:64,3
DA:65,3
DA:66,3
DA:68,3
DA:69,3
DA:70,3
DA:71,3
DA:72,3
DA:73,3
DA:74,3
DA:75,3
DA:76,3
DA:77,3
DA:78,3
DA:79,3
DA:80,3
DA:81,3
DA:82,3
DA:83,3
DA:84,3
DA:85,3
DA:86,3
DA:87,3
DA:88,3
DA:89,3
DA:91,3
DA:92,3
DA:93,3
DA:94,3
DA:95,3
DA:96,3
DA:98,3
DA:99,3
DA:100,3
DA:101,3
DA:102,3
DA:104,3
DA:105,3
DA:106,3
DA:107,3
DA:108,3
DA:109,3
DA:110,3
DA:111,3
DA:112,3
DA:113,3
DA:114,3
DA:115,3
DA:116,3
DA:117,3
DA:118,3
DA:119,3
DA:120,3
DA:122,3
DA:123,3
DA:124,3
DA:125,3
DA:126,3
DA:127,0
DA:128,0
DA:129,0
DA:130,3
DA:132,3
DA:133,3
DA:134,3
DA:135,3
DA:136,3
DA:138,3
DA:139,3
DA:140,3
DA:141,3
DA:142,3
DA:144,3
DA:145,3
DA:146,3
DA:147,3
DA:148,3
DA:149,3
DA:150,3
DA:152,3
DA:153,3
DA:154,3
DA:155,3
DA:156,3
DA:157,3
DA:158,3
DA:160,3
DA:162,1
LF:137
LH:111
BRDA:13,0,0,3
BRDA:24,1,0,0
BRDA:15,2,0,3
BRDA:16,3,0,3
BRDA:19,4,0,0
BRDA:23,5,0,3
BRF:6
BRH:4
end_of_record
TN:
SF:src\services\api.js
FN:5,isOnPages
FN:28,healthCheck
FN:40,fetchKPIData
FN:45,fetchUnderServedData
FN:50,fetchWeeklyTrends
FN:55,fetchMonthlyFeedback
FN:60,fetchRiskDigest
FN:65,fetchEquityAnomalies
FN:70,fetchRevocations
FN:76,fetchDashboardData
FN:107,getHealth
FN:108,getServices
FN:109,getChainHead
FN:110,appendChain
FN:111,signerPubKey
FN:112,signerSign
FN:113,ingestEvent
FNF:17
FNH:10
FNDA:50,isOnPages
FNDA:4,healthCheck
FNDA:4,fetchKPIData
FNDA:4,fetchUnderServedData
FNDA:4,fetchWeeklyTrends
FNDA:4,fetchMonthlyFeedback
FNDA:4,fetchRiskDigest
FNDA:0,fetchEquityAnomalies
FNDA:0,fetchRevocations
FNDA:4,fetchDashboardData
FNDA:1,getHealth
FNDA:1,getServices
FNDA:0,getChainHead
FNDA:0,appendChain
FNDA:0,signerPubKey
FNDA:0,signerSign
FNDA:0,ingestEvent
DA:1,1
DA:2,1
DA:3,1
DA:4,1
DA:5,1
DA:6,50
DA:7,50
DA:8,1
DA:9,1
DA:10,1
DA:11,1
DA:12,1
DA:13,1
DA:14,1
DA:15,1
DA:16,1
DA:17,1
DA:18,1
DA:19,1
DA:20,1
DA:21,1
DA:22,1
DA:23,1
DA:24,1
DA:25,1
DA:26,1
DA:27,1
DA:28,1
DA:29,4
DA:30,4
DA:31,4
DA:32,4
DA:33,4
DA:34,0
DA:35,0
DA:36,0
DA:37,0
DA:38,4
DA:39,1
DA:40,1
DA:41,4
DA:42,4
DA:43,4
DA:44,1
DA:45,1
DA:46,4
DA:47,4
DA:48,4
DA:49,1
DA:50,1
DA:51,4
DA:52,4
DA:53,4
DA:54,1
DA:55,1
DA:56,4
DA:57,4
DA:58,4
DA:59,1
DA:60,1
DA:61,4
DA:62,4
DA:63,4
DA:64,1
DA:65,1
DA:66,0
DA:67,0
DA:68,0
DA:69,1
DA:70,1
DA:71,0
DA:72,0
DA:73,0
DA:74,1
DA:75,1
DA:76,1
DA:77,4
DA:78,4
DA:79,4
DA:80,4
DA:81,4
DA:82,4
DA:83,4
DA:84,4
DA:85,4
DA:86,4
DA:87,4
DA:88,4
DA:89,4
DA:90,4
DA:91,4
DA:92,4
DA:93,4
DA:94,4
DA:95,4
DA:96,4
DA:97,4
DA:98,4
DA:99,4
DA:100,0
DA:101,0
DA:102,0
DA:103,4
DA:104,1
DA:105,1
DA:106,1
DA:107,1
DA:108,1
DA:109,1
DA:110,1
DA:111,1
DA:112,1
DA:113,1
DA:114,1
LF:114
LH:101
BRDA:11,0,0,0
BRDA:12,1,0,0
BRDA:13,2,0,0
BRDA:14,3,0,0
BRDA:15,4,0,0
BRDA:16,5,0,0
BRDA:17,6,0,0
BRDA:5,7,0,50
BRDA:28,8,0,4
BRDA:29,9,0,0
BRDA:33,10,0,0
BRDA:40,11,0,4
BRDA:45,12,0,4
BRDA:50,13,0,4
BRDA:55,14,0,4
BRDA:60,15,0,4
BRDA:76,16,0,4
BRDA:92,17,0,0
BRDA:93,18,0,0
BRDA:94,19,0,0
BRDA:95,20,0,0
BRDA:96,21,0,0
BRDA:99,22,0,0
BRDA:107,23,0,1
BRDA:108,24,0,1
BRF:25
BRH:10
end_of_record
TN:
SF:src\services\generatedClient.js
FN:5,createApiClient
FN:33,instance.interceptors.response.use.normalized.message
FN:49,getApiV1SignerPubkey
FN:54,postApiV1SignerSign
FN:59,postApiV1ChainAppend
FN:64,getApiV1ChainHead
FN:69,postApiV1CollectorIngest
FN:74,getHealth
FN:79,getMetrics
FN:84,getServices
FNF:10
FNH:2
FNDA:5,createApiClient
FNDA:0,instance.interceptors.response.use.normalized.message
FNDA:0,getApiV1SignerPubkey
FNDA:0,postApiV1SignerSign
FNDA:0,postApiV1ChainAppend
FNDA:0,getApiV1ChainHead
FNDA:0,postApiV1CollectorIngest
FNDA:4,getHealth
FNDA:0,getMetrics
FNDA:0,getServices
DA:1,1
DA:2,1
DA:5,1
DA:6,5
DA:7,5
DA:8,5
DA:9,0
DA:10,0
DA:11,5
DA:12,5
DA:14,5
DA:15,0
DA:16,0
DA:17,0
DA:18,0
DA:19,0
DA:20,0
DA:21,0
DA:22,0
DA:23,0
DA:24,0
DA:25,0
DA:26,0
DA:27,0
DA:28,0
DA:29,0
DA:30,5
DA:32,5
DA:33,5
DA:34,5
DA:35,0
DA:36,0
DA:37,0
DA:38,0
DA:39,0
DA:40,0
DA:41,0
DA:42,0
DA:43,0
DA:44,0
DA:45,0
DA:46,5
DA:48,5
DA:49,5
DA:50,0
DA:51,0
DA:52,5
DA:54,5
DA:55,0
DA:56,0
DA:57,5
DA:59,5
DA:60,0
DA:61,0
DA:62,5
DA:64,5
DA:65,0
DA:66,0
DA:67,5
DA:69,5
DA:70,0
DA:71,0
DA:72,5
DA:74,5
DA:75,4
DA:76,4
DA:77,5
DA:79,5
DA:80,0
DA:81,0
DA:82,5
DA:84,5
DA:85,0
DA:86,0
DA:87,5
DA:88,5
DA:89,5
DA:91,1
DA:92,1
DA:93,1
DA:94,1
DA:95,1
DA:96,1
DA:97,1
DA:98,1
DA:99,1
DA:100,1
DA:101,1
DA:102,1
DA:103,1
DA:104,1
DA:105,1
DA:106,1
DA:107,1
DA:108,1
DA:109,1
DA:110,1
DA:111,1
DA:112,1
DA:113,1
DA:114,1
DA:115,1
DA:116,1
DA:117,1
DA:118,1
DA:119,1
DA:120,1
DA:121,1
DA:122,1
DA:123,1
DA:124,1
DA:125,1
DA:126,1
DA:127,1
DA:128,1
DA:129,1
DA:130,1
DA:131,1
DA:132,1
DA:133,1
DA:134,1
DA:135,1
DA:136,1
DA:137,1
DA:138,1
DA:139,1
DA:140,1
LF:127
LH:85
BRDA:5,0,0,5
BRDA:8,1,0,0
BRDA:74,2,0,4
BRF:3
BRH:2
end_of_record
TN:
SF:src\services\i18n.js
FN:8,getInitialLanguage
FNF:1
FNH:1
FNDA:12,getInitialLanguage
DA:1,1
DA:2,1
DA:3,1
DA:4,1
DA:5,1
DA:6,1
DA:7,1
DA:8,1
DA:9,12
DA:10,12
DA:11,12
DA:12,12
DA:13,12
DA:14,0
DA:15,0
DA:16,12
DA:17,12
DA:18,12
DA:19,0
DA:20,0
DA:21,1
DA:22,1
DA:23,1
DA:24,1
DA:25,1
DA:26,1
DA:27,1
DA:28,1
DA:29,1
DA:30,1
DA:31,1
DA:32,1
DA:33,1
DA:34,1
DA:35,1
DA:36,1
DA:37,1
DA:38,1
DA:39,12
DA:40,12
DA:41,12
DA:42,0
DA:43,0
DA:44,12
DA:45,12
DA:46,12
DA:47,12
DA:48,12
DA:49,12
DA:50,12
DA:51,0
DA:52,0
DA:53,1
DA:54,1
LF:54
LH:46
BRDA:8,0,0,12
BRDA:12,1,0,0
BRDA:13,2,0,0
BRDA:19,3,0,0
BRDA:38,4,0,12
BRDA:41,5,0,0
BRDA:50,6,0,0
BRF:7
BRH:2
end_of_record
TN:
SF:src\services\api\feed-adapters\index.js
FN:3,adaptKPI
FN:10,adaptWeeklyTrends
FN:17,adaptUnderServed
FN:24,adaptAnomalies
FN:28,adaptRiskDigest
FNF:5
FNH:5
FNDA:5,adaptKPI
FNDA:7,adaptWeeklyTrends
FNDA:5,adaptUnderServed
FNDA:5,adaptAnomalies
FNDA:5,adaptRiskDigest
DA:1,1
DA:2,1
DA:3,1
DA:4,5
DA:5,5
DA:6,5
DA:7,5
DA:8,5
DA:9,1
DA:10,1
DA:11,7
DA:12,7
DA:13,7
DA:14,7
DA:15,7
DA:16,1
DA:17,1
DA:18,5
DA:19,5
DA:20,5
DA:21,5
DA:22,5
DA:23,1
DA:24,1
DA:25,5
DA:26,5
DA:27,1
DA:28,1
DA:29,5
DA:30,5
DA:31,4
DA:32,5
DA:33,5
DA:34,5
DA:35,5
DA:36,5
LF:36
LH:36
BRDA:3,0,0,5
BRDA:4,1,0,4
BRDA:4,2,0,1
BRDA:5,3,0,0
BRDA:6,4,0,0
BRDA:10,5,0,7
BRDA:11,6,0,5
BRDA:11,7,0,2
BRDA:12,8,0,3
BRDA:12,9,0,2
BRDA:13,10,0,2
BRDA:17,11,0,5
BRDA:18,12,0,4
BRDA:18,13,0,1
BRDA:19,14,0,0
BRDA:20,15,0,4
BRDA:20,16,0,0
BRDA:24,17,0,5
BRDA:25,18,0,3
BRDA:25,19,0,2
BRDA:28,20,0,5
BRDA:30,21,0,4
BRDA:30,22,0,4
BRDA:30,23,0,1
BRDA:32,24,0,0
BRDA:33,25,0,0
BRDA:34,26,0,0
BRF:27
BRH:20
end_of_record
TN:
SF:src\services\auth\authService.js
FN:22,getAuthState
FN:27,onAuthChange
FN:31,refreshToken
FN:58,logout
FN:63,createAuthedGatewayClient
FN:66,getToken
FN:69,wrap
FN:88,getHealth
FN:89,getServices
FN:90,getApiV1ChainHead
FN:91,postApiV1ChainAppend
FN:92,getApiV1SignerPubkey
FN:93,postApiV1SignerSign
FN:99,startSilentRefresh
FN:111,stopSilentRefresh
FNF:15
FNH:9
FNDA:6,getAuthState
FNDA:6,onAuthChange
FNDA:1,refreshToken
FNDA:1,logout
FNDA:7,createAuthedGatewayClient
FNDA:0,getToken
FNDA:7,wrap
FNDA:6,getHealth
FNDA:1,getServices
FNDA:0,getApiV1ChainHead
FNDA:0,postApiV1ChainAppend
FNDA:0,getApiV1SignerPubkey
FNDA:0,postApiV1SignerSign
FNDA:0,startSilentRefresh
FNDA:12,stopSilentRefresh
DA:1,1
DA:9,1
DA:10,1
DA:11,1
DA:12,1
DA:13,1
DA:14,1
DA:15,1
DA:16,1
DA:17,1
DA:18,1
DA:19,1
DA:20,1
DA:21,1
DA:22,1
DA:23,6
DA:24,6
DA:25,6
DA:26,1
DA:27,1
DA:28,6
DA:29,6
DA:30,1
DA:31,1
DA:32,1
DA:33,1
DA:34,1
DA:35,1
DA:36,1
DA:37,1
DA:38,1
DA:39,1
DA:40,0
DA:41,1
DA:42,1
DA:43,0
DA:44,0
DA:45,0
DA:46,0
DA:47,0
DA:48,0
DA:49,1
DA:50,1
DA:51,1
DA:52,1
DA:53,1
DA:54,1
DA:55,1
DA:56,1
DA:57,1
DA:58,1
DA:59,1
DA:60,1
DA:61,1
DA:62,1
DA:63,1
DA:64,7
DA:65,7
DA:66,7
DA:67,7
DA:68,7
DA:69,7
DA:70,7
DA:71,7
DA:72,7
DA:73,1
DA:74,1
DA:75,1
DA:76,1
DA:77,0
DA:78,0
DA:79,0
DA:80,1
DA:81,1
DA:82,1
DA:83,1
DA:84,1
DA:85,7
DA:86,7
DA:87,7
DA:88,7
DA:89,7
DA:90,7
DA:91,7
DA:92,7
DA:93,7
DA:94,7
DA:95,7
DA:96,1
DA:97,1
DA:98,1
DA:99,1
DA:100,0
DA:101,0
DA:102,0
DA:103,0
DA:104,0
DA:105,0
DA:106,0
DA:107,0
DA:108,0
DA:109,0
DA:110,1
DA:111,1
DA:112,12
DA:113,0
DA:114,0
DA:115,0
DA:116,12
LF:109
LH:86
BRDA:17,0,0,0
BRDA:22,1,0,6
BRDA:27,2,0,6
BRDA:31,3,0,1
BRDA:32,4,0,0
BRDA:34,5,0,0
BRDA:36,6,0,1
BRDA:39,7,0,0
BRDA:42,8,0,0
BRDA:51,9,0,0
BRDA:58,10,0,1
BRDA:63,11,0,7
BRDA:69,12,0,7
BRDA:72,13,0,1
BRDA:73,14,0,0
BRDA:76,15,0,0
BRDA:88,16,0,6
BRDA:89,17,0,1
BRDA:111,18,0,12
BRDA:112,19,0,0
BRF:20
BRH:11
end_of_record
TN:
SF:src\services\auth\tokenManager.js
FN:8,notify
FN:18,setAccessToken
FN:41,getAccessToken
FN:64,getAccessTokenExpiry
FN:68,clearAccessToken
FN:81,rememberInSession
FN:94,subscribe
FN:100,setApiKey
FN:109,getApiKey
FN:118,refreshAccessToken
FN:125,setRefreshToken
FN:137,getRefreshToken
FNF:12
FNH:3
FNDA:0,notify
FNDA:0,setAccessToken
FNDA:5,getAccessToken
FNDA:0,getAccessTokenExpiry
FNDA:0,clearAccessToken
FNDA:0,rememberInSession
FNDA:6,subscribe
FNDA:0,setApiKey
FNDA:3,getApiKey
FNDA:0,refreshAccessToken
FNDA:0,setRefreshToken
FNDA:0,getRefreshToken
DA:1,1
DA:2,1
DA:3,1
DA:4,1
DA:5,1
DA:6,1
DA:7,1
DA:8,0
DA:9,0
DA:10,0
DA:11,0
DA:12,0
DA:13,0
DA:14,0
DA:15,0
DA:16,0
DA:17,1
DA:18,1
DA:19,0
DA:20,0
DA:21,0
DA:22,0
DA:23,0
DA:24,0
DA:25,0
DA:26,0
DA:27,0
DA:28,0
DA:29,0
DA:30,0
DA:31,0
DA:32,0
DA:33,0
DA:34,0
DA:35,0
DA:36,0
DA:37,0
DA:38,0
DA:39,0
DA:40,1
DA:41,1
DA:42,5
DA:43,5
DA:44,5
DA:45,5
DA:46,5
DA:47,5
DA:48,0
DA:49,0
DA:50,0
DA:51,5
DA:52,5
DA:53,0
DA:54,0
DA:55,5
DA:56,5
DA:57,0
DA:58,0
DA:59,0
DA:60,0
DA:61,5
DA:62,5
DA:63,1
DA:64,1
DA:65,0
DA:66,0
DA:67,1
DA:68,1
DA:69,0
DA:70,0
DA:71,0
DA:72,0
DA:73,0
DA:74,0
DA:75,0
DA:76,0
DA:77,0
DA:78,0
DA:79,0
DA:80,1
DA:81,1
DA:82,0
DA:83,0
DA:84,0
DA:85,0
DA:86,0
DA:87,0
DA:88,0
DA:89,0
DA:90,0
DA:91,0
DA:92,0
DA:93,1
DA:94,1
DA:95,6
DA:96,6
DA:97,6
DA:98,1
DA:99,1
DA:100,1
DA:101,0
DA:102,0
DA:103,0
DA:104,0
DA:105,0
DA:106,0
DA:107,0
DA:108,1
DA:109,1
DA:110,3
DA:111,3
DA:112,3
DA:113,0
DA:114,0
DA:115,3
DA:116,1
DA:117,1
DA:118,1
DA:119,0
DA:120,0
DA:121,0
DA:122,0
DA:123,1
DA:124,1
DA:125,1
DA:126,0
DA:127,0
DA:128,0
DA:129,0
DA:130,0
DA:131,0
DA:132,0
DA:133,0
DA:134,0
DA:135,0
DA:136,1
DA:137,1
DA:138,0
DA:139,0
LF:139
LH:51
BRDA:41,0,0,5
BRDA:47,1,0,0
BRDA:51,2,0,0
BRDA:52,3,0,0
BRDA:56,4,0,0
BRDA:56,5,0,0
BRDA:56,6,0,0
BRDA:94,7,0,6
BRDA:96,8,0,6
BRDA:109,9,0,3
BRDA:112,10,0,0
BRF:11
BRH:4
end_of_record
TN:
SF:src\services\auth\useAuth.js
FN:4,useAuth
FN:10,logout
FNF:2
FNH:1
FNDA:6,useAuth
FNDA:0,logout
DA:1,1
DA:2,1
DA:3,1
DA:4,1
DA:5,6
DA:6,6
DA:7,6
DA:8,6
DA:9,1
DA:10,1
DA:11,0
DA:12,0
LF:12
LH:10
BRDA:4,0,0,6
BRDA:6,1,0,6
BRF:2
BRH:2
end_of_record
TN:
SF:src\services\websocket\socket.js
FN:8,createSocket
FNF:1
FNH:1
FNDA:6,createSocket
DA:1,1
DA:2,1
DA:3,1
DA:4,1
DA:5,1
DA:6,1
DA:7,1
DA:8,1
DA:9,6
DA:10,6
DA:11,6
DA:12,6
DA:13,6
DA:14,6
DA:15,6
DA:16,6
DA:17,6
DA:18,6
DA:19,6
DA:20,6
DA:21,6
DA:22,6
DA:23,6
DA:24,0
DA:25,6
DA:26,6
DA:27,6
DA:28,6
DA:29,30
DA:30,6
DA:31,6
DA:32,6
DA:33,6
LF:33
LH:32
BRDA:6,0,0,0
BRDA:8,1,0,6
BRDA:16,2,0,0
BRDA:28,3,0,30
BRF:4
BRH:2
end_of_record
TN:
SF:src\services\websocket\useRealtimeDashboard.js
FN:16,useRealtimeDashboard
FN:23,onEvent
FNF:2
FNH:2
FNDA:7,useRealtimeDashboard
FNDA:5,onEvent
DA:1,1
DA:2,1
DA:3,1
DA:4,1
DA:5,1
DA:6,1
DA:7,1
DA:8,1
DA:9,1
DA:10,1
DA:11,1
DA:12,1
DA:13,1
DA:14,1
DA:15,1
DA:16,1
DA:17,7
DA:18,7
DA:19,7
DA:20,7
DA:21,7
DA:22,7
DA:23,7
DA:24,5
DA:25,5
DA:26,5
DA:27,5
DA:28,5
DA:29,5
DA:30,5
DA:31,5
DA:32,5
DA:33,1
DA:34,5
DA:35,1
DA:36,5
DA:37,1
DA:38,5
DA:39,1
DA:40,5
DA:41,1
DA:42,5
DA:43,0
DA:44,5
DA:45,5
DA:46,7
DA:47,7
DA:48,7
DA:49,7
DA:50,7
DA:51,7
DA:52,7
DA:53,7
DA:54,6
DA:55,6
DA:56,7
DA:57,7
DA:58,7
DA:59,7
LF:59
LH:58
BRDA:16,0,0,7
BRDA:20,1,0,7
BRDA:21,2,0,0
BRDA:23,3,0,5
BRDA:28,4,0,5
BRDA:29,5,0,0
BRDA:32,6,0,1
BRDA:34,7,0,1
BRDA:36,8,0,1
BRDA:38,9,0,1
BRDA:40,10,0,1
BRDA:42,11,0,0
BRDA:50,12,0,7
BRDA:53,13,0,6
BRF:14
BRH:11
end_of_record
TN:
SF:src\stores\ThemeContext.jsx
FN:6,useTheme
FN:14,ThemeProvider
FN:24,toggleTheme
FNF:3
FNH:2
FNDA:6,useTheme
FNDA:10,ThemeProvider
FNDA:0,toggleTheme
DA:1,1
DA:4,1
DA:6,1
DA:7,6
DA:8,6
DA:9,0
DA:10,0
DA:11,6
DA:12,6
DA:14,1
DA:15,10
DA:17,10
DA:19,10
DA:20,10
DA:21,10
DA:22,10
DA:24,10
DA:25,0
DA:26,0
DA:27,0
DA:28,0
DA:29,0
DA:31,10
DA:32,10
LF:24
LH:17
BRDA:6,0,0,6
BRDA:8,1,0,0
BRDA:14,2,0,10
BRDA:17,3,0,10
BRF:4
BRH:3
end_of_record
TN:
SF:src\stores\sync.js
FN:11,useSyncDashboardToStore
FN:26,applyRealtimeToStore
FNF:2
FNH:2
FNDA:6,useSyncDashboardToStore
FNDA:5,applyRealtimeToStore
DA:1,1
DA:2,1
DA:9,1
DA:10,1
DA:11,1
DA:12,6
DA:13,6
DA:14,5
DA:15,2
DA:16,5
DA:17,5
DA:18,5
DA:19,5
DA:20,5
DA:21,5
DA:22,5
DA:23,6
DA:24,6
DA:25,1
DA:26,1
DA:27,5
DA:28,5
DA:29,5
DA:30,5
DA:31,5
DA:32,5
DA:33,5
DA:34,5
DA:35,1
DA:36,1
DA:37,5
DA:38,1
DA:39,1
DA:40,5
DA:41,1
DA:42,1
DA:43,5
DA:44,1
DA:45,1
DA:46,5
DA:47,1
DA:48,1
DA:49,5
DA:50,0
DA:51,5
DA:52,5
LF:46
LH:45
BRDA:11,0,0,6
BRDA:12,1,0,8
BRDA:13,2,0,5
BRDA:14,3,0,3
BRDA:15,4,0,2
BRDA:16,5,0,0
BRDA:17,6,0,2
BRDA:17,7,0,0
BRDA:18,8,0,2
BRDA:18,9,0,0
BRDA:19,10,0,0
BRDA:19,11,0,2
BRDA:20,12,0,2
BRDA:20,13,0,0
BRDA:26,14,0,5
BRDA:34,15,0,1
BRDA:37,16,0,1
BRDA:40,17,0,1
BRDA:43,18,0,1
BRDA:46,19,0,1
BRDA:49,20,0,0
BRF:21
BRH:15
end_of_record
TN:
SF:src\stores\useAppStore.js
FN:8,partialize
FN:30,setKpi
FN:31,setWeekly
FN:32,setUnderServed
FN:33,setAnomalies
FN:34,setRisk
FN:35,hydrateFromDashboard
FN:45,setAuthToken
FN:46,setApiKey
FN:47,clearAuth
FN:49,updateSettings
FNF:11
FNH:10
FNDA:17,partialize
FNDA:2,setKpi
FNDA:2,setWeekly
FNDA:2,setUnderServed
FNDA:2,setAnomalies
FNDA:2,setRisk
FNDA:2,hydrateFromDashboard
FNDA:1,setAuthToken
FNDA:1,setApiKey
FNDA:0,clearAuth
FNDA:1,updateSettings
DA:1,1
DA:2,1
DA:3,1
DA:4,1
DA:5,1
DA:6,1
DA:7,1
DA:8,1
DA:9,17
DA:10,17
DA:11,1
DA:12,1
DA:13,1
DA:14,1
DA:15,1
DA:16,1
DA:17,7
DA:18,7
DA:19,7
DA:20,7
DA:21,7
DA:22,7
DA:23,7
DA:24,7
DA:25,7
DA:26,7
DA:27,7
DA:28,7
DA:29,7
DA:30,7
DA:31,7
DA:32,7
DA:33,7
DA:34,7
DA:35,7
DA:36,2
DA:37,2
DA:38,2
DA:39,2
DA:40,2
DA:41,2
DA:42,2
DA:43,7
DA:44,7
DA:45,7
DA:46,7
DA:47,7
DA:48,7
DA:49,7
DA:50,1
DA:51,1
DA:52,1
DA:53,1
LF:53
LH:53
BRDA:7,0,0,7
BRDA:8,1,0,17
BRDA:16,2,0,7
BRDA:30,3,0,2
BRDA:31,4,0,2
BRDA:32,5,0,2
BRDA:33,6,0,2
BRDA:34,7,0,2
BRDA:35,8,0,2
BRDA:36,9,0,2
BRDA:37,10,0,0
BRDA:38,11,0,0
BRDA:39,12,0,0
BRDA:41,13,0,0
BRDA:45,14,0,1
BRDA:45,15,0,1
BRDA:46,16,0,1
BRDA:46,17,0,1
BRDA:49,18,0,1
BRDA:49,19,0,1
BRF:20
BRH:16
end_of_record
TN:
SF:src\utils\format.js
FN:1,(empty-report)
FNF:1
FNH:0
FNDA:0,(empty-report)
DA:1,0
DA:2,0
LF:2
LH:0
BRDA:1,0,0,0
BRF:1
BRH:0
end_of_record
TN:
SF:src\utils\i18n\index.js
FN:1,(empty-report)
FNF:1
FNH:0
FNDA:0,(empty-report)
DA:1,0
DA:2,0
DA:3,0
DA:4,0
DA:5,0
DA:6,0
DA:7,0
DA:8,0
DA:9,0
DA:10,0
DA:11,0
DA:12,0
DA:13,0
DA:14,0
DA:15,0
DA:16,0
DA:17,0
DA:18,0
DA:19,0
DA:20,0
DA:21,0
DA:22,0
DA:23,0
DA:24,0
DA:25,0
DA:26,0
DA:27,0
DA:28,0
DA:29,0
DA:30,0
DA:31,0
DA:32,0
DA:33,0
DA:34,0
DA:35,0
DA:36,0
DA:37,0
DA:38,0
DA:39,0
DA:40,0
DA:41,0
DA:42,0
DA:43,0
LF:43
LH:0
BRDA:1,0,0,0
BRF:1
BRH:0
end_of_record
